<?xml version="1.0" encoding="UTF-8"?>
<testsuite xmlns:xsi="http://www.w3.org/2001/XMLSchema-instance" xsi:noNamespaceSchemaLocation="https://maven.apache.org/surefire/maven-surefire-plugin/xsd/surefire-test-report-3.0.xsd" version="3.0" name="SampleTest" time="27.113" tests="1" errors="0" skipped="0" failures="1">
  <properties>
    <property name="java.specification.version" value="17"/>
    <property name="webdriver.chrome.driver" value="/Users/shahidaparveen/.cache/selenium/chromedriver/mac64/95.0.4638.17/chromedriver"/>
    <property name="sun.jnu.encoding" value="UTF-8"/>
    <property name="java.class.path" value="/Users/shahidaparveen/Desktop/Automation/target/test-classes:/Users/shahidaparveen/Desktop/Automation/target/classes:/Users/shahidaparveen/.m2/repository/org/seleniumhq/selenium/selenium-java/4.0.0-rc-1/selenium-java-4.0.0-rc-1.jar:/Users/shahidaparveen/.m2/repository/org/seleniumhq/selenium/selenium-api/4.0.0-rc-1/selenium-api-4.0.0-rc-1.jar:/Users/shahidaparveen/.m2/repository/org/seleniumhq/selenium/selenium-chrome-driver/4.0.0-rc-1/selenium-chrome-driver-4.0.0-rc-1.jar:/Users/shahidaparveen/.m2/repository/com/google/auto/service/auto-service-annotations/1.0/auto-service-annotations-1.0.jar:/Users/shahidaparveen/.m2/repository/com/google/auto/service/auto-service/1.0/auto-service-1.0.jar:/Users/shahidaparveen/.m2/repository/com/google/auto/auto-common/1.0/auto-common-1.0.jar:/Users/shahidaparveen/.m2/repository/org/seleniumhq/selenium/selenium-chromium-driver/4.0.0-rc-1/selenium-chromium-driver-4.0.0-rc-1.jar:/Users/shahidaparveen/.m2/repository/org/seleniumhq/selenium/selenium-devtools/4.0.0-rc-1/selenium-devtools-4.0.0-rc-1.jar:/Users/shahidaparveen/.m2/repository/org/seleniumhq/selenium/selenium-http/4.0.0-rc-1/selenium-http-4.0.0-rc-1.jar:/Users/shahidaparveen/.m2/repository/org/seleniumhq/selenium/selenium-json/4.0.0-rc-1/selenium-json-4.0.0-rc-1.jar:/Users/shahidaparveen/.m2/repository/org/seleniumhq/selenium/selenium-devtools-v85/4.0.0-rc-1/selenium-devtools-v85-4.0.0-rc-1.jar:/Users/shahidaparveen/.m2/repository/org/seleniumhq/selenium/selenium-devtools-v92/4.0.0-rc-1/selenium-devtools-v92-4.0.0-rc-1.jar:/Users/shahidaparveen/.m2/repository/org/seleniumhq/selenium/selenium-devtools-v93/4.0.0-rc-1/selenium-devtools-v93-4.0.0-rc-1.jar:/Users/shahidaparveen/.m2/repository/org/seleniumhq/selenium/selenium-edge-driver/4.0.0-rc-1/selenium-edge-driver-4.0.0-rc-1.jar:/Users/shahidaparveen/.m2/repository/org/seleniumhq/selenium/selenium-firefox-driver/4.0.0-rc-1/selenium-firefox-driver-4.0.0-rc-1.jar:/Users/shahidaparveen/.m2/repository/org/seleniumhq/selenium/selenium-firefox-xpi-driver/4.0.0-rc-1/selenium-firefox-xpi-driver-4.0.0-rc-1.jar:/Users/shahidaparveen/.m2/repository/org/seleniumhq/selenium/selenium-ie-driver/4.0.0-rc-1/selenium-ie-driver-4.0.0-rc-1.jar:/Users/shahidaparveen/.m2/repository/org/seleniumhq/selenium/selenium-opera-driver/4.0.0-rc-1/selenium-opera-driver-4.0.0-rc-1.jar:/Users/shahidaparveen/.m2/repository/org/seleniumhq/selenium/selenium-remote-driver/4.0.0-rc-1/selenium-remote-driver-4.0.0-rc-1.jar:/Users/shahidaparveen/.m2/repository/io/netty/netty-buffer/4.1.67.Final/netty-buffer-4.1.67.Final.jar:/Users/shahidaparveen/.m2/repository/io/netty/netty-codec-http/4.1.67.Final/netty-codec-http-4.1.67.Final.jar:/Users/shahidaparveen/.m2/repository/io/netty/netty-codec/4.1.67.Final/netty-codec-4.1.67.Final.jar:/Users/shahidaparveen/.m2/repository/io/netty/netty-handler/4.1.67.Final/netty-handler-4.1.67.Final.jar:/Users/shahidaparveen/.m2/repository/io/netty/netty-common/4.1.67.Final/netty-common-4.1.67.Final.jar:/Users/shahidaparveen/.m2/repository/io/netty/netty-transport-native-epoll/4.1.67.Final/netty-transport-native-epoll-4.1.67.Final.jar:/Users/shahidaparveen/.m2/repository/io/netty/netty-transport-native-kqueue/4.1.67.Final/netty-transport-native-kqueue-4.1.67.Final.jar:/Users/shahidaparveen/.m2/repository/io/netty/netty-transport-native-unix-common/4.1.67.Final/netty-transport-native-unix-common-4.1.67.Final.jar:/Users/shahidaparveen/.m2/repository/io/netty/netty-transport/4.1.67.Final/netty-transport-4.1.67.Final.jar:/Users/shahidaparveen/.m2/repository/io/netty/netty-resolver/4.1.67.Final/netty-resolver-4.1.67.Final.jar:/Users/shahidaparveen/.m2/repository/io/opentelemetry/opentelemetry-api/1.5.0/opentelemetry-api-1.5.0.jar:/Users/shahidaparveen/.m2/repository/io/opentelemetry/opentelemetry-context/1.5.0/opentelemetry-context-1.5.0.jar:/Users/shahidaparveen/.m2/repository/io/opentelemetry/opentelemetry-exporter-logging/1.5.0/opentelemetry-exporter-logging-1.5.0.jar:/Users/shahidaparveen/.m2/repository/io/opentelemetry/opentelemetry-sdk-metrics/1.5.0-alpha/opentelemetry-sdk-metrics-1.5.0-alpha.jar:/Users/shahidaparveen/.m2/repository/io/opentelemetry/opentelemetry-sdk-common/1.5.0/opentelemetry-sdk-common-1.5.0.jar:/Users/shahidaparveen/.m2/repository/io/opentelemetry/opentelemetry-sdk-extension-autoconfigure/1.5.0-alpha/opentelemetry-sdk-extension-autoconfigure-1.5.0-alpha.jar:/Users/shahidaparveen/.m2/repository/io/opentelemetry/opentelemetry-sdk-trace/1.5.0/opentelemetry-sdk-trace-1.5.0.jar:/Users/shahidaparveen/.m2/repository/io/opentelemetry/opentelemetry-api-metrics/1.5.0-alpha/opentelemetry-api-metrics-1.5.0-alpha.jar:/Users/shahidaparveen/.m2/repository/io/opentelemetry/opentelemetry-sdk/1.5.0/opentelemetry-sdk-1.5.0.jar:/Users/shahidaparveen/.m2/repository/io/opentelemetry/opentelemetry-semconv/1.5.0-alpha/opentelemetry-semconv-1.5.0-alpha.jar:/Users/shahidaparveen/.m2/repository/io/ous/jtoml/2.0.0/jtoml-2.0.0.jar:/Users/shahidaparveen/.m2/repository/net/bytebuddy/byte-buddy/1.11.13/byte-buddy-1.11.13.jar:/Users/shahidaparveen/.m2/repository/org/apache/commons/commons-exec/1.3/commons-exec-1.3.jar:/Users/shahidaparveen/.m2/repository/org/asynchttpclient/async-http-client/2.12.3/async-http-client-2.12.3.jar:/Users/shahidaparveen/.m2/repository/org/asynchttpclient/async-http-client-netty-utils/2.12.3/async-http-client-netty-utils-2.12.3.jar:/Users/shahidaparveen/.m2/repository/io/netty/netty-codec-socks/4.1.60.Final/netty-codec-socks-4.1.60.Final.jar:/Users/shahidaparveen/.m2/repository/io/netty/netty-handler-proxy/4.1.60.Final/netty-handler-proxy-4.1.60.Final.jar:/Users/shahidaparveen/.m2/repository/io/netty/netty-transport-native-epoll/4.1.60.Final/netty-transport-native-epoll-4.1.60.Final-linux-x86_64.jar:/Users/shahidaparveen/.m2/repository/io/netty/netty-transport-native-kqueue/4.1.60.Final/netty-transport-native-kqueue-4.1.60.Final-osx-x86_64.jar:/Users/shahidaparveen/.m2/repository/org/reactivestreams/reactive-streams/1.0.3/reactive-streams-1.0.3.jar:/Users/shahidaparveen/.m2/repository/com/typesafe/netty/netty-reactive-streams/2.0.4/netty-reactive-streams-2.0.4.jar:/Users/shahidaparveen/.m2/repository/com/sun/activation/jakarta.activation/1.2.2/jakarta.activation-1.2.2.jar:/Users/shahidaparveen/.m2/repository/org/seleniumhq/selenium/selenium-safari-driver/4.0.0-rc-1/selenium-safari-driver-4.0.0-rc-1.jar:/Users/shahidaparveen/.m2/repository/org/seleniumhq/selenium/selenium-support/4.0.0-rc-1/selenium-support-4.0.0-rc-1.jar:/Users/shahidaparveen/.m2/repository/org/testng/testng/7.4.0/testng-7.4.0.jar:/Users/shahidaparveen/.m2/repository/com/beust/jcommander/1.78/jcommander-1.78.jar:/Users/shahidaparveen/.m2/repository/org/webjars/jquery/3.5.1/jquery-3.5.1.jar:/Users/shahidaparveen/.m2/repository/io/github/bonigarcia/webdrivermanager/5.0.3/webdrivermanager-5.0.3.jar:/Users/shahidaparveen/.m2/repository/org/slf4j/slf4j-api/1.7.32/slf4j-api-1.7.32.jar:/Users/shahidaparveen/.m2/repository/com/google/code/gson/gson/2.8.8/gson-2.8.8.jar:/Users/shahidaparveen/.m2/repository/org/jsoup/jsoup/1.14.2/jsoup-1.14.2.jar:/Users/shahidaparveen/.m2/repository/com/github/docker-java/docker-java/3.2.12/docker-java-3.2.12.jar:/Users/shahidaparveen/.m2/repository/com/github/docker-java/docker-java-core/3.2.12/docker-java-core-3.2.12.jar:/Users/shahidaparveen/.m2/repository/com/github/docker-java/docker-java-api/3.2.12/docker-java-api-3.2.12.jar:/Users/shahidaparveen/.m2/repository/com/fasterxml/jackson/core/jackson-annotations/2.10.3/jackson-annotations-2.10.3.jar:/Users/shahidaparveen/.m2/repository/commons-io/commons-io/2.6/commons-io-2.6.jar:/Users/shahidaparveen/.m2/repository/org/apache/commons/commons-compress/1.21/commons-compress-1.21.jar:/Users/shahidaparveen/.m2/repository/commons-lang/commons-lang/2.6/commons-lang-2.6.jar:/Users/shahidaparveen/.m2/repository/com/fasterxml/jackson/core/jackson-databind/2.10.3/jackson-databind-2.10.3.jar:/Users/shahidaparveen/.m2/repository/com/fasterxml/jackson/core/jackson-core/2.10.3/jackson-core-2.10.3.jar:/Users/shahidaparveen/.m2/repository/org/bouncycastle/bcpkix-jdk15on/1.64/bcpkix-jdk15on-1.64.jar:/Users/shahidaparveen/.m2/repository/org/bouncycastle/bcprov-jdk15on/1.64/bcprov-jdk15on-1.64.jar:/Users/shahidaparveen/.m2/repository/org/slf4j/jcl-over-slf4j/1.7.30/jcl-over-slf4j-1.7.30.jar:/Users/shahidaparveen/.m2/repository/com/github/docker-java/docker-java-transport-httpclient5/3.2.12/docker-java-transport-httpclient5-3.2.12.jar:/Users/shahidaparveen/.m2/repository/com/github/docker-java/docker-java-transport/3.2.12/docker-java-transport-3.2.12.jar:/Users/shahidaparveen/.m2/repository/org/apache/httpcomponents/client5/httpclient5/5.0.3/httpclient5-5.0.3.jar:/Users/shahidaparveen/.m2/repository/org/apache/httpcomponents/core5/httpcore5/5.0.2/httpcore5-5.0.2.jar:/Users/shahidaparveen/.m2/repository/commons-codec/commons-codec/1.13/commons-codec-1.13.jar:/Users/shahidaparveen/.m2/repository/net/java/dev/jna/jna/5.8.0/jna-5.8.0.jar:/Users/shahidaparveen/.m2/repository/com/google/guava/guava/30.1.1-jre/guava-30.1.1-jre.jar:/Users/shahidaparveen/.m2/repository/com/google/guava/failureaccess/1.0.1/failureaccess-1.0.1.jar:/Users/shahidaparveen/.m2/repository/com/google/guava/listenablefuture/9999.0-empty-to-avoid-conflict-with-guava/listenablefuture-9999.0-empty-to-avoid-conflict-with-guava.jar:/Users/shahidaparveen/.m2/repository/com/google/code/findbugs/jsr305/3.0.2/jsr305-3.0.2.jar:/Users/shahidaparveen/.m2/repository/org/checkerframework/checker-qual/3.8.0/checker-qual-3.8.0.jar:/Users/shahidaparveen/.m2/repository/com/google/errorprone/error_prone_annotations/2.5.1/error_prone_annotations-2.5.1.jar:/Users/shahidaparveen/.m2/repository/com/google/j2objc/j2objc-annotations/1.3/j2objc-annotations-1.3.jar:/Users/shahidaparveen/.m2/repository/org/brotli/dec/0.1.2/dec-0.1.2.jar:"/>
    <property name="java.vm.vendor" value="Oracle Corporation"/>
    <property name="sun.arch.data.model" value="64"/>
    <property name="java.vendor.url" value="https://java.oracle.com/"/>
    <property name="user.timezone" value="Asia/Karachi"/>
    <property name="os.name" value="Mac OS X"/>
    <property name="java.vm.specification.version" value="17"/>
    <property name="sun.java.launcher" value="SUN_STANDARD"/>
    <property name="user.country" value="GB"/>
    <property name="sun.boot.library.path" value="/Library/Java/JavaVirtualMachines/jdk-17.jdk/Contents/Home/lib"/>
    <property name="sun.java.command" value="/Users/shahidaparveen/Desktop/Automation/target/surefire/surefirebooter14033243259166927981.jar /Users/shahidaparveen/Desktop/Automation/target/surefire 2021-10-24T02-56-03_796-jvmRun1 surefire2770767561622656183tmp surefire_05927911819453619616tmp"/>
    <property name="http.nonProxyHosts" value="local|*.local|169.254/16|*.169.254/16"/>
    <property name="jdk.debug" value="release"/>
    <property name="surefire.test.class.path" value="/Users/shahidaparveen/Desktop/Automation/target/test-classes:/Users/shahidaparveen/Desktop/Automation/target/classes:/Users/shahidaparveen/.m2/repository/org/seleniumhq/selenium/selenium-java/4.0.0-rc-1/selenium-java-4.0.0-rc-1.jar:/Users/shahidaparveen/.m2/repository/org/seleniumhq/selenium/selenium-api/4.0.0-rc-1/selenium-api-4.0.0-rc-1.jar:/Users/shahidaparveen/.m2/repository/org/seleniumhq/selenium/selenium-chrome-driver/4.0.0-rc-1/selenium-chrome-driver-4.0.0-rc-1.jar:/Users/shahidaparveen/.m2/repository/com/google/auto/service/auto-service-annotations/1.0/auto-service-annotations-1.0.jar:/Users/shahidaparveen/.m2/repository/com/google/auto/service/auto-service/1.0/auto-service-1.0.jar:/Users/shahidaparveen/.m2/repository/com/google/auto/auto-common/1.0/auto-common-1.0.jar:/Users/shahidaparveen/.m2/repository/org/seleniumhq/selenium/selenium-chromium-driver/4.0.0-rc-1/selenium-chromium-driver-4.0.0-rc-1.jar:/Users/shahidaparveen/.m2/repository/org/seleniumhq/selenium/selenium-devtools/4.0.0-rc-1/selenium-devtools-4.0.0-rc-1.jar:/Users/shahidaparveen/.m2/repository/org/seleniumhq/selenium/selenium-http/4.0.0-rc-1/selenium-http-4.0.0-rc-1.jar:/Users/shahidaparveen/.m2/repository/org/seleniumhq/selenium/selenium-json/4.0.0-rc-1/selenium-json-4.0.0-rc-1.jar:/Users/shahidaparveen/.m2/repository/org/seleniumhq/selenium/selenium-devtools-v85/4.0.0-rc-1/selenium-devtools-v85-4.0.0-rc-1.jar:/Users/shahidaparveen/.m2/repository/org/seleniumhq/selenium/selenium-devtools-v92/4.0.0-rc-1/selenium-devtools-v92-4.0.0-rc-1.jar:/Users/shahidaparveen/.m2/repository/org/seleniumhq/selenium/selenium-devtools-v93/4.0.0-rc-1/selenium-devtools-v93-4.0.0-rc-1.jar:/Users/shahidaparveen/.m2/repository/org/seleniumhq/selenium/selenium-edge-driver/4.0.0-rc-1/selenium-edge-driver-4.0.0-rc-1.jar:/Users/shahidaparveen/.m2/repository/org/seleniumhq/selenium/selenium-firefox-driver/4.0.0-rc-1/selenium-firefox-driver-4.0.0-rc-1.jar:/Users/shahidaparveen/.m2/repository/org/seleniumhq/selenium/selenium-firefox-xpi-driver/4.0.0-rc-1/selenium-firefox-xpi-driver-4.0.0-rc-1.jar:/Users/shahidaparveen/.m2/repository/org/seleniumhq/selenium/selenium-ie-driver/4.0.0-rc-1/selenium-ie-driver-4.0.0-rc-1.jar:/Users/shahidaparveen/.m2/repository/org/seleniumhq/selenium/selenium-opera-driver/4.0.0-rc-1/selenium-opera-driver-4.0.0-rc-1.jar:/Users/shahidaparveen/.m2/repository/org/seleniumhq/selenium/selenium-remote-driver/4.0.0-rc-1/selenium-remote-driver-4.0.0-rc-1.jar:/Users/shahidaparveen/.m2/repository/io/netty/netty-buffer/4.1.67.Final/netty-buffer-4.1.67.Final.jar:/Users/shahidaparveen/.m2/repository/io/netty/netty-codec-http/4.1.67.Final/netty-codec-http-4.1.67.Final.jar:/Users/shahidaparveen/.m2/repository/io/netty/netty-codec/4.1.67.Final/netty-codec-4.1.67.Final.jar:/Users/shahidaparveen/.m2/repository/io/netty/netty-handler/4.1.67.Final/netty-handler-4.1.67.Final.jar:/Users/shahidaparveen/.m2/repository/io/netty/netty-common/4.1.67.Final/netty-common-4.1.67.Final.jar:/Users/shahidaparveen/.m2/repository/io/netty/netty-transport-native-epoll/4.1.67.Final/netty-transport-native-epoll-4.1.67.Final.jar:/Users/shahidaparveen/.m2/repository/io/netty/netty-transport-native-kqueue/4.1.67.Final/netty-transport-native-kqueue-4.1.67.Final.jar:/Users/shahidaparveen/.m2/repository/io/netty/netty-transport-native-unix-common/4.1.67.Final/netty-transport-native-unix-common-4.1.67.Final.jar:/Users/shahidaparveen/.m2/repository/io/netty/netty-transport/4.1.67.Final/netty-transport-4.1.67.Final.jar:/Users/shahidaparveen/.m2/repository/io/netty/netty-resolver/4.1.67.Final/netty-resolver-4.1.67.Final.jar:/Users/shahidaparveen/.m2/repository/io/opentelemetry/opentelemetry-api/1.5.0/opentelemetry-api-1.5.0.jar:/Users/shahidaparveen/.m2/repository/io/opentelemetry/opentelemetry-context/1.5.0/opentelemetry-context-1.5.0.jar:/Users/shahidaparveen/.m2/repository/io/opentelemetry/opentelemetry-exporter-logging/1.5.0/opentelemetry-exporter-logging-1.5.0.jar:/Users/shahidaparveen/.m2/repository/io/opentelemetry/opentelemetry-sdk-metrics/1.5.0-alpha/opentelemetry-sdk-metrics-1.5.0-alpha.jar:/Users/shahidaparveen/.m2/repository/io/opentelemetry/opentelemetry-sdk-common/1.5.0/opentelemetry-sdk-common-1.5.0.jar:/Users/shahidaparveen/.m2/repository/io/opentelemetry/opentelemetry-sdk-extension-autoconfigure/1.5.0-alpha/opentelemetry-sdk-extension-autoconfigure-1.5.0-alpha.jar:/Users/shahidaparveen/.m2/repository/io/opentelemetry/opentelemetry-sdk-trace/1.5.0/opentelemetry-sdk-trace-1.5.0.jar:/Users/shahidaparveen/.m2/repository/io/opentelemetry/opentelemetry-api-metrics/1.5.0-alpha/opentelemetry-api-metrics-1.5.0-alpha.jar:/Users/shahidaparveen/.m2/repository/io/opentelemetry/opentelemetry-sdk/1.5.0/opentelemetry-sdk-1.5.0.jar:/Users/shahidaparveen/.m2/repository/io/opentelemetry/opentelemetry-semconv/1.5.0-alpha/opentelemetry-semconv-1.5.0-alpha.jar:/Users/shahidaparveen/.m2/repository/io/ous/jtoml/2.0.0/jtoml-2.0.0.jar:/Users/shahidaparveen/.m2/repository/net/bytebuddy/byte-buddy/1.11.13/byte-buddy-1.11.13.jar:/Users/shahidaparveen/.m2/repository/org/apache/commons/commons-exec/1.3/commons-exec-1.3.jar:/Users/shahidaparveen/.m2/repository/org/asynchttpclient/async-http-client/2.12.3/async-http-client-2.12.3.jar:/Users/shahidaparveen/.m2/repository/org/asynchttpclient/async-http-client-netty-utils/2.12.3/async-http-client-netty-utils-2.12.3.jar:/Users/shahidaparveen/.m2/repository/io/netty/netty-codec-socks/4.1.60.Final/netty-codec-socks-4.1.60.Final.jar:/Users/shahidaparveen/.m2/repository/io/netty/netty-handler-proxy/4.1.60.Final/netty-handler-proxy-4.1.60.Final.jar:/Users/shahidaparveen/.m2/repository/io/netty/netty-transport-native-epoll/4.1.60.Final/netty-transport-native-epoll-4.1.60.Final-linux-x86_64.jar:/Users/shahidaparveen/.m2/repository/io/netty/netty-transport-native-kqueue/4.1.60.Final/netty-transport-native-kqueue-4.1.60.Final-osx-x86_64.jar:/Users/shahidaparveen/.m2/repository/org/reactivestreams/reactive-streams/1.0.3/reactive-streams-1.0.3.jar:/Users/shahidaparveen/.m2/repository/com/typesafe/netty/netty-reactive-streams/2.0.4/netty-reactive-streams-2.0.4.jar:/Users/shahidaparveen/.m2/repository/com/sun/activation/jakarta.activation/1.2.2/jakarta.activation-1.2.2.jar:/Users/shahidaparveen/.m2/repository/org/seleniumhq/selenium/selenium-safari-driver/4.0.0-rc-1/selenium-safari-driver-4.0.0-rc-1.jar:/Users/shahidaparveen/.m2/repository/org/seleniumhq/selenium/selenium-support/4.0.0-rc-1/selenium-support-4.0.0-rc-1.jar:/Users/shahidaparveen/.m2/repository/org/testng/testng/7.4.0/testng-7.4.0.jar:/Users/shahidaparveen/.m2/repository/com/beust/jcommander/1.78/jcommander-1.78.jar:/Users/shahidaparveen/.m2/repository/org/webjars/jquery/3.5.1/jquery-3.5.1.jar:/Users/shahidaparveen/.m2/repository/io/github/bonigarcia/webdrivermanager/5.0.3/webdrivermanager-5.0.3.jar:/Users/shahidaparveen/.m2/repository/org/slf4j/slf4j-api/1.7.32/slf4j-api-1.7.32.jar:/Users/shahidaparveen/.m2/repository/com/google/code/gson/gson/2.8.8/gson-2.8.8.jar:/Users/shahidaparveen/.m2/repository/org/jsoup/jsoup/1.14.2/jsoup-1.14.2.jar:/Users/shahidaparveen/.m2/repository/com/github/docker-java/docker-java/3.2.12/docker-java-3.2.12.jar:/Users/shahidaparveen/.m2/repository/com/github/docker-java/docker-java-core/3.2.12/docker-java-core-3.2.12.jar:/Users/shahidaparveen/.m2/repository/com/github/docker-java/docker-java-api/3.2.12/docker-java-api-3.2.12.jar:/Users/shahidaparveen/.m2/repository/com/fasterxml/jackson/core/jackson-annotations/2.10.3/jackson-annotations-2.10.3.jar:/Users/shahidaparveen/.m2/repository/commons-io/commons-io/2.6/commons-io-2.6.jar:/Users/shahidaparveen/.m2/repository/org/apache/commons/commons-compress/1.21/commons-compress-1.21.jar:/Users/shahidaparveen/.m2/repository/commons-lang/commons-lang/2.6/commons-lang-2.6.jar:/Users/shahidaparveen/.m2/repository/com/fasterxml/jackson/core/jackson-databind/2.10.3/jackson-databind-2.10.3.jar:/Users/shahidaparveen/.m2/repository/com/fasterxml/jackson/core/jackson-core/2.10.3/jackson-core-2.10.3.jar:/Users/shahidaparveen/.m2/repository/org/bouncycastle/bcpkix-jdk15on/1.64/bcpkix-jdk15on-1.64.jar:/Users/shahidaparveen/.m2/repository/org/bouncycastle/bcprov-jdk15on/1.64/bcprov-jdk15on-1.64.jar:/Users/shahidaparveen/.m2/repository/org/slf4j/jcl-over-slf4j/1.7.30/jcl-over-slf4j-1.7.30.jar:/Users/shahidaparveen/.m2/repository/com/github/docker-java/docker-java-transport-httpclient5/3.2.12/docker-java-transport-httpclient5-3.2.12.jar:/Users/shahidaparveen/.m2/repository/com/github/docker-java/docker-java-transport/3.2.12/docker-java-transport-3.2.12.jar:/Users/shahidaparveen/.m2/repository/org/apache/httpcomponents/client5/httpclient5/5.0.3/httpclient5-5.0.3.jar:/Users/shahidaparveen/.m2/repository/org/apache/httpcomponents/core5/httpcore5/5.0.2/httpcore5-5.0.2.jar:/Users/shahidaparveen/.m2/repository/commons-codec/commons-codec/1.13/commons-codec-1.13.jar:/Users/shahidaparveen/.m2/repository/net/java/dev/jna/jna/5.8.0/jna-5.8.0.jar:/Users/shahidaparveen/.m2/repository/com/google/guava/guava/30.1.1-jre/guava-30.1.1-jre.jar:/Users/shahidaparveen/.m2/repository/com/google/guava/failureaccess/1.0.1/failureaccess-1.0.1.jar:/Users/shahidaparveen/.m2/repository/com/google/guava/listenablefuture/9999.0-empty-to-avoid-conflict-with-guava/listenablefuture-9999.0-empty-to-avoid-conflict-with-guava.jar:/Users/shahidaparveen/.m2/repository/com/google/code/findbugs/jsr305/3.0.2/jsr305-3.0.2.jar:/Users/shahidaparveen/.m2/repository/org/checkerframework/checker-qual/3.8.0/checker-qual-3.8.0.jar:/Users/shahidaparveen/.m2/repository/com/google/errorprone/error_prone_annotations/2.5.1/error_prone_annotations-2.5.1.jar:/Users/shahidaparveen/.m2/repository/com/google/j2objc/j2objc-annotations/1.3/j2objc-annotations-1.3.jar:/Users/shahidaparveen/.m2/repository/org/brotli/dec/0.1.2/dec-0.1.2.jar:"/>
    <property name="sun.cpu.endian" value="little"/>
    <property name="user.home" value="/Users/shahidaparveen"/>
    <property name="user.language" value="en"/>
    <property name="java.specification.vendor" value="Oracle Corporation"/>
    <property name="java.version.date" value="2021-09-14"/>
    <property name="java.home" value="/Library/Java/JavaVirtualMachines/jdk-17.jdk/Contents/Home"/>
    <property name="file.separator" value="/"/>
    <property name="basedir" value="/Users/shahidaparveen/Desktop/Automation"/>
    <property name="java.vm.compressedOopsMode" value="Zero based"/>
    <property name="line.separator" value="&#10;"/>
    <property name="java.vm.specification.vendor" value="Oracle Corporation"/>
    <property name="java.specification.name" value="Java Platform API Specification"/>
    <property name="surefire.real.class.path" value="/Users/shahidaparveen/Desktop/Automation/target/surefire/surefirebooter14033243259166927981.jar"/>
    <property name="sun.management.compiler" value="HotSpot 64-Bit Tiered Compilers"/>
    <property name="ftp.nonProxyHosts" value="local|*.local|169.254/16|*.169.254/16"/>
    <property name="java.runtime.version" value="17+35-LTS-2724"/>
    <property name="user.name" value="shahidaparveen"/>
    <property name="path.separator" value=":"/>
    <property name="os.version" value="11.6"/>
    <property name="java.runtime.name" value="Java(TM) SE Runtime Environment"/>
    <property name="file.encoding" value="UTF-8"/>
    <property name="sun.nio.ch.bugLevel" value=""/>
    <property name="java.vm.name" value="Java HotSpot(TM) 64-Bit Server VM"/>
    <property name="localRepository" value="/Users/shahidaparveen/.m2/repository"/>
    <property name="java.vendor.url.bug" value="https://bugreport.java.com/bugreport/"/>
    <property name="java.io.tmpdir" value="/var/folders/cy/r1gr6k0n3611zp5kdtgxzzz00000gp/T/"/>
    <property name="idea.version" value="2021.2.3"/>
    <property name="java.version" value="17"/>
    <property name="user.dir" value="/Users/shahidaparveen/Desktop/Automation"/>
    <property name="os.arch" value="x86_64"/>
    <property name="java.vm.specification.name" value="Java Virtual Machine Specification"/>
    <property name="native.encoding" value="UTF-8"/>
    <property name="java.library.path" value="/Users/shahidaparveen/Library/Java/Extensions:/Library/Java/Extensions:/Network/Library/Java/Extensions:/System/Library/Java/Extensions:/usr/lib/java:."/>
    <property name="java.vm.info" value="mixed mode, sharing"/>
    <property name="java.vendor" value="Oracle Corporation"/>
    <property name="java.vm.version" value="17+35-LTS-2724"/>
    <property name="sun.io.unicode.encoding" value="UnicodeBig"/>
    <property name="socksNonProxyHosts" value="local|*.local|169.254/16|*.169.254/16"/>
    <property name="java.class.version" value="61.0"/>
  </properties>
  <testcase name="Demo_Patient_login" classname="SampleTest" time="21.597">
    <failure message="expected [plz enter valid user name and password] but found []" type="java.lang.AssertionError"><![CDATA[java.lang.AssertionError: expected [plz enter valid user name and password] but found []
	at SampleTest.Demo_Patient_login(SampleTest.java:109)
]]></failure>
    <system-err><![CDATA[SLF4J: Failed to load class "org.slf4j.impl.StaticLoggerBinder".
SLF4J: Defaulting to no-operation (NOP) logger implementation
SLF4J: See http://www.slf4j.org/codes.html#StaticLoggerBinder for further details.
Starting ChromeDriver 95.0.4638.17 (a9d0719444d4b035e284ed1fce73bf6ccd789df2-refs/branch-heads/4638@{#178}) on port 20731
Only local connections are allowed.
Please see https://chromedriver.chromium.org/security-considerations for suggestions on keeping ChromeDriver safe.
ChromeDriver was started successfully.
Oct 24, 2021 2:56:15 AM org.openqa.selenium.remote.ProtocolHandshake createSession
INFO: Detected dialect: W3C
Oct 24, 2021 2:56:15 AM org.openqa.selenium.devtools.CdpVersionFinder findNearestMatch
WARNING: Unable to find an exact match for CDP version 95, so returning the closest version found: 93
Oct 24, 2021 2:56:15 AM org.openqa.selenium.devtools.CdpVersionFinder findNearestMatch
INFO: Found CDP implementation for version 95 of 93
]]></system-err>
  </testcase>
</testsuite>